<?xml version="1.0" encoding="UTF-8"?>
<testsuite xmlns:xsi="http://www.w3.org/2001/XMLSchema-instance" xsi:schemaLocation="https://maven.apache.org/surefire/maven-surefire-plugin/xsd/surefire-test-report.xsd" name="TestSuite" time="190.958" tests="28" errors="0" skipped="0" failures="0">
  <properties>
    <property name="idea.version" value="2016.1.1"/>
    <property name="java.runtime.name" value="Java(TM) SE Runtime Environment"/>
    <property name="sun.boot.library.path" value="C:\Program Files\Java\jdk1.8.0_73\jre\bin"/>
    <property name="java.vm.version" value="25.73-b02"/>
    <property name="user.country.format" value="UA"/>
    <property name="java.vm.vendor" value="Oracle Corporation"/>
    <property name="java.vendor.url" value="http://java.oracle.com/"/>
    <property name="path.separator" value=";"/>
    <property name="guice.disable.misplaced.annotation.check" value="true"/>
    <property name="java.vm.name" value="Java HotSpot(TM) 64-Bit Server VM"/>
    <property name="file.encoding.pkg" value="sun.io"/>
    <property name="idea.launcher.port" value="7535"/>
    <property name="user.script" value=""/>
    <property name="user.country" value="US"/>
    <property name="sun.java.launcher" value="SUN_STANDARD"/>
    <property name="sun.os.patch.level" value="Service Pack 1"/>
    <property name="java.vm.specification.name" value="Java Virtual Machine Specification"/>
    <property name="user.dir" value="D:\Dev\GAP"/>
    <property name="java.runtime.version" value="1.8.0_73-b02"/>
    <property name="java.awt.graphicsenv" value="sun.awt.Win32GraphicsEnvironment"/>
    <property name="java.endorsed.dirs" value="C:\Program Files\Java\jdk1.8.0_73\jre\lib\endorsed"/>
    <property name="os.arch" value="amd64"/>
    <property name="java.io.tmpdir" value="C:\Users\vova\AppData\Local\Temp\"/>
    <property name="line.separator" value="&#10;"/>
    <property name="java.vm.specification.vendor" value="Oracle Corporation"/>
    <property name="user.variant" value=""/>
    <property name="os.name" value="Windows 7"/>
    <property name="classworlds.conf" value="C:\Program Files (x86)\JetBrains\IntelliJ IDEA Community Edition 2016.1.1\plugins\maven\lib\maven3\bin\m2.conf"/>
    <property name="sun.jnu.encoding" value="Cp1251"/>
    <property name="java.library.path" value="C:\Program Files\Java\jdk1.8.0_73\bin;C:\Windows\Sun\Java\bin;C:\Windows\system32;C:\Windows;C:\Program Files (x86)\NVIDIA Corporation\PhysX\Common;C:\Windows\system32;C:\Windows;C:\Windows\System32\Wbem;C:\Windows\System32\WindowsPowerShell\v1.0\;C:\Program Files (x86)\Python27;C:\Program Files\Java\jdk1.8.0_73\bin\;C:\Program Files\Git\cmd;C:\Program Files (x86)\Common Files\Adobe\AGL;C:\Program Files (x86)\apache-maven-3.3.9\bin;C:\Program Files (x86)\Skype\Phone\;."/>
    <property name="java.specification.name" value="Java Platform API Specification"/>
    <property name="java.class.version" value="52.0"/>
    <property name="sun.management.compiler" value="HotSpot 64-Bit Tiered Compilers"/>
    <property name="os.version" value="6.1"/>
    <property name="user.home" value="C:\Users\vova"/>
    <property name="user.timezone" value="Europe/Helsinki"/>
    <property name="java.awt.printerjob" value="sun.awt.windows.WPrinterJob"/>
    <property name="java.specification.version" value="1.8"/>
    <property name="idea.launcher.bin.path" value="C:\Program Files (x86)\JetBrains\IntelliJ IDEA Community Edition 2016.1.1\bin"/>
    <property name="file.encoding" value="UTF-8"/>
    <property name="user.name" value="vova"/>
    <property name="java.class.path" value="C:\Program Files (x86)\JetBrains\IntelliJ IDEA Community Edition 2016.1.1\plugins\maven\lib\maven3\boot\plexus-classworlds-2.4.jar;C:\Program Files (x86)\JetBrains\IntelliJ IDEA Community Edition 2016.1.1\lib\idea_rt.jar"/>
    <property name="java.vm.specification.version" value="1.8"/>
    <property name="sun.arch.data.model" value="64"/>
    <property name="java.home" value="C:\Program Files\Java\jdk1.8.0_73\jre"/>
    <property name="sun.java.command" value="com.intellij.rt.execution.application.AppMain org.codehaus.classworlds.Launcher -Didea.version=2016.1.1 clean test"/>
    <property name="java.specification.vendor" value="Oracle Corporation"/>
    <property name="user.language" value="en"/>
    <property name="user.language.format" value="uk"/>
    <property name="awt.toolkit" value="sun.awt.windows.WToolkit"/>
    <property name="java.vm.info" value="mixed mode"/>
    <property name="java.version" value="1.8.0_73"/>
    <property name="java.ext.dirs" value="C:\Program Files\Java\jdk1.8.0_73\jre\lib\ext;C:\Windows\Sun\Java\lib\ext"/>
    <property name="sun.boot.class.path" value="C:\Program Files\Java\jdk1.8.0_73\jre\lib\resources.jar;C:\Program Files\Java\jdk1.8.0_73\jre\lib\rt.jar;C:\Program Files\Java\jdk1.8.0_73\jre\lib\sunrsasign.jar;C:\Program Files\Java\jdk1.8.0_73\jre\lib\jsse.jar;C:\Program Files\Java\jdk1.8.0_73\jre\lib\jce.jar;C:\Program Files\Java\jdk1.8.0_73\jre\lib\charsets.jar;C:\Program Files\Java\jdk1.8.0_73\jre\lib\jfr.jar;C:\Program Files\Java\jdk1.8.0_73\jre\classes"/>
    <property name="java.vendor" value="Oracle Corporation"/>
    <property name="maven.home" value="C:\Program Files (x86)\JetBrains\IntelliJ IDEA Community Edition 2016.1.1\plugins\maven\lib\maven3"/>
    <property name="file.separator" value="\"/>
    <property name="java.vendor.url.bug" value="http://bugreport.sun.com/bugreport/"/>
    <property name="sun.cpu.endian" value="little"/>
    <property name="sun.io.unicode.encoding" value="UnicodeLittle"/>
    <property name="sun.desktop" value="windows"/>
    <property name="sun.cpu.isalist" value="amd64"/>
  </properties>
  <testcase name="testCreateNewRepository" classname="com.lohika.gap.tests.ManageRepositoriesTest" time="5.282"/>
  <testcase name="testCreateNewRepository_AlreadyExist" classname="com.lohika.gap.tests.ManageRepositoriesTest" time="5.385"/>
  <testcase name="testCreateNewRepository_NoName" classname="com.lohika.gap.tests.ManageRepositoriesTest" time="4.405"/>
  <testcase name="testRenameRepository" classname="com.lohika.gap.tests.ManageRepositoriesTest" time="8.217"/>
  <testcase name="testRenameRepository_NameAlreadyExist" classname="com.lohika.gap.tests.ManageRepositoriesTest" time="3.915"/>
  <testcase name="testRemoveRepository" classname="com.lohika.gap.tests.ManageRepositoriesTest" time="5.729"/>
  <testcase name="testRemoveCurrentDescription" classname="com.lohika.gap.tests.RepositoryDescriptionTest" time="4.425"/>
  <testcase name="testSetNewDescription" classname="com.lohika.gap.tests.RepositoryDescriptionTest" time="3.465"/>
  <testcase name="testSetNewDescription_Canceled" classname="com.lohika.gap.tests.RepositoryDescriptionTest" time="2.148"/>
  <testcase name="testSetNewDescription_IncorectWebpage" classname="com.lohika.gap.tests.RepositoryDescriptionTest" time="2.229"/>
  <testcase name="testAddNewFile" classname="com.lohika.gap.tests.RepositoryFilesTest" time="6.85"/>
  <testcase name="testAddNewFile_AlreadyExists" classname="com.lohika.gap.tests.RepositoryFilesTest" time="6.843"/>
  <testcase name="testAddNewFile_Canceled" classname="com.lohika.gap.tests.RepositoryFilesTest" time="9.969"/>
  <testcase name="testEditFile" classname="com.lohika.gap.tests.RepositoryFilesTest" time="8.086"/>
  <testcase name="testUploadFile" classname="com.lohika.gap.tests.RepositoryFilesTest" time="8.571"/>
  <testcase name="testUploadFileViaAUTOIT" classname="com.lohika.gap.tests.RepositoryFilesTest" time="8.057"/>
  <testcase name="testUploadFile_Failed" classname="com.lohika.gap.tests.RepositoryFilesTest" time="3.471"/>
  <testcase name="testRemoveFile" classname="com.lohika.gap.tests.RepositoryFilesTest" time="6.045"/>
  <testcase name="testAddNewEmail" classname="com.lohika.gap.tests.ChangeSettingsTest" time="4.398"/>
  <testcase name="testAddNewEmail_AlreadyExist" classname="com.lohika.gap.tests.ChangeSettingsTest" time="4.405"/>
  <testcase name="testChangeEmailPreferences" classname="com.lohika.gap.tests.ChangeSettingsTest" time="4.819"/>
  <testcase name="testChangePassword_WrongNewPassword" classname="com.lohika.gap.tests.ChangeSettingsTest" time="4.392"/>
  <testcase name="testChangePassword_WrongOldPassword" classname="com.lohika.gap.tests.ChangeSettingsTest" time="4.007"/>
  <testcase name="testChangeUserProfile" classname="com.lohika.gap.tests.ChangeSettingsTest" time="6.498"/>
  <testcase name="testRemoveEmail" classname="com.lohika.gap.tests.ChangeSettingsTest" time="4.427"/>
  <testcase name="testSignout" classname="com.lohika.gap.tests.LoginTest" time="2.411"/>
  <testcase name="testSignin_IncorrectCredentials" classname="com.lohika.gap.tests.LoginTest" time="2.391"/>
  <testcase name="testSignin" classname="com.lohika.gap.tests.LoginTest" time="2.532"/>
</testsuite>