<?xml version="1.0" encoding="UTF-8"?>
<!-- Generated by org.testng.reporters.JUnitReportReporter -->
<testsuite name="com.lohika.gap.tests.RepositoryDescriptionTest" tests="4" time="14.616" ignored="28" failures="0" timestamp="28 бер. 2017 15:07:25 GMT" skipped="0" hostname="vova-pc" errors="0">
  <testcase name="testRemoveCurrentDescription" time="5.182" classname="com.lohika.gap.tests.RepositoryDescriptionTest"/>
  <testcase name="testSetNewDescription_IncorectWebpage" time="3.264" classname="com.lohika.gap.tests.RepositoryDescriptionTest"/>
  <testcase name="testSetNewDescription" time="3.895" classname="com.lohika.gap.tests.RepositoryDescriptionTest"/>
  <testcase name="testSetNewDescription_Canceled" time="2.275" classname="com.lohika.gap.tests.RepositoryDescriptionTest"/>
  <testcase name="testCreateNewRepository" classname="com.lohika.gap.tests.ManageRepositoriesTest">
    <skipped/>
  </testcase> <!-- testCreateNewRepository -->
  <testcase name="testCreateNewRepository_NoName" classname="com.lohika.gap.tests.ManageRepositoriesTest">
    <skipped/>
  </testcase> <!-- testCreateNewRepository_NoName -->
  <testcase name="testRenameRepository_NameAlreadyExist" classname="com.lohika.gap.tests.ManageRepositoriesTest">
    <skipped/>
  </testcase> <!-- testRenameRepository_NameAlreadyExist -->
  <testcase name="testRemoveRepository" classname="com.lohika.gap.tests.ManageRepositoriesTest">
    <skipped/>
  </testcase> <!-- testRemoveRepository -->
  <testcase name="testRenameRepository" classname="com.lohika.gap.tests.ManageRepositoriesTest">
    <skipped/>
  </testcase> <!-- testRenameRepository -->
  <testcase name="testCreateNewRepository_AlreadyExist" classname="com.lohika.gap.tests.ManageRepositoriesTest">
    <skipped/>
  </testcase> <!-- testCreateNewRepository_AlreadyExist -->
  <testcase name="testRemoveCurrentDescription" classname="com.lohika.gap.tests.RepositoryDescriptionTest">
    <skipped/>
  </testcase> <!-- testRemoveCurrentDescription -->
  <testcase name="testSetNewDescription" classname="com.lohika.gap.tests.RepositoryDescriptionTest">
    <skipped/>
  </testcase> <!-- testSetNewDescription -->
  <testcase name="testSetNewDescription_Canceled" classname="com.lohika.gap.tests.RepositoryDescriptionTest">
    <skipped/>
  </testcase> <!-- testSetNewDescription_Canceled -->
  <testcase name="testSetNewDescription_IncorectWebpage" classname="com.lohika.gap.tests.RepositoryDescriptionTest">
    <skipped/>
  </testcase> <!-- testSetNewDescription_IncorectWebpage -->
  <testcase name="testSignin" classname="com.lohika.gap.tests.LoginTest">
    <skipped/>
  </testcase> <!-- testSignin -->
  <testcase name="testAddNewFile_Canceled" classname="com.lohika.gap.tests.RepositoryFilesTest">
    <skipped/>
  </testcase> <!-- testAddNewFile_Canceled -->
  <testcase name="testAddNewFile_AlreadyExists" classname="com.lohika.gap.tests.RepositoryFilesTest">
    <skipped/>
  </testcase> <!-- testAddNewFile_AlreadyExists -->
  <testcase name="testUploadFile" classname="com.lohika.gap.tests.RepositoryFilesTest">
    <skipped/>
  </testcase> <!-- testUploadFile -->
  <testcase name="testRemoveFile" classname="com.lohika.gap.tests.RepositoryFilesTest">
    <skipped/>
  </testcase> <!-- testRemoveFile -->
  <testcase name="testEditFile" classname="com.lohika.gap.tests.RepositoryFilesTest">
    <skipped/>
  </testcase> <!-- testEditFile -->
  <testcase name="testUploadFileViaAUTOIT" classname="com.lohika.gap.tests.RepositoryFilesTest">
    <skipped/>
  </testcase> <!-- testUploadFileViaAUTOIT -->
  <testcase name="testUploadFile_Failed" classname="com.lohika.gap.tests.RepositoryFilesTest">
    <skipped/>
  </testcase> <!-- testUploadFile_Failed -->
  <testcase name="testAddNewFile" classname="com.lohika.gap.tests.RepositoryFilesTest">
    <skipped/>
  </testcase> <!-- testAddNewFile -->
  <testcase name="testRemoveEmail" classname="com.lohika.gap.tests.ChangeSettingsTest">
    <skipped/>
  </testcase> <!-- testRemoveEmail -->
  <testcase name="testAddNewEmail" classname="com.lohika.gap.tests.ChangeSettingsTest">
    <skipped/>
  </testcase> <!-- testAddNewEmail -->
  <testcase name="testChangePassword_WrongOldPassword" classname="com.lohika.gap.tests.ChangeSettingsTest">
    <skipped/>
  </testcase> <!-- testChangePassword_WrongOldPassword -->
  <testcase name="testChangeEmailPreferences" classname="com.lohika.gap.tests.ChangeSettingsTest">
    <skipped/>
  </testcase> <!-- testChangeEmailPreferences -->
  <testcase name="testChangeUserProfile" classname="com.lohika.gap.tests.ChangeSettingsTest">
    <skipped/>
  </testcase> <!-- testChangeUserProfile -->
  <testcase name="testChangePassword_WrongNewPassword" classname="com.lohika.gap.tests.ChangeSettingsTest">
    <skipped/>
  </testcase> <!-- testChangePassword_WrongNewPassword -->
  <testcase name="testOpenGooglePage" classname="com.lohika.gap.tests.ChangeSettingsTest">
    <skipped/>
  </testcase> <!-- testOpenGooglePage -->
  <testcase name="testOpenGooglePage" classname="com.lohika.gap.tests.ChangeSettingsTest">
    <skipped/>
  </testcase> <!-- testOpenGooglePage -->
  <testcase name="testAddNewEmail_AlreadyExist" classname="com.lohika.gap.tests.ChangeSettingsTest">
    <skipped/>
  </testcase> <!-- testAddNewEmail_AlreadyExist -->
</testsuite> <!-- com.lohika.gap.tests.RepositoryDescriptionTest -->
