<?xml version="1.0" encoding="UTF-8"?>
<!-- Generated by org.testng.reporters.JUnitReportReporter -->
<testsuite name="com.lohika.gap.tests.RepositoryDescriptionTest" tests="4" time="13.324" ignored="0" failures="0" timestamp="09 лют. 2017 16:22:37 GMT" skipped="0" hostname="vova-pc" errors="0">
  <testcase name="testRemoveCurrentDescription" time="3.100" classname="com.lohika.gap.tests.RepositoryDescriptionTest"/>
  <testcase name="testChangeDescriptionWithoutSaving" time="4.624" classname="com.lohika.gap.tests.RepositoryDescriptionTest"/>
  <testcase name="testSetNewDescription" time="3.262" classname="com.lohika.gap.tests.RepositoryDescriptionTest"/>
  <testcase name="testSetDescriptionWithIncorectWebpage" time="2.338" classname="com.lohika.gap.tests.RepositoryDescriptionTest"/>
</testsuite> <!-- com.lohika.gap.tests.RepositoryDescriptionTest -->
