<?xml version="1.0" encoding="UTF-8"?>
<!-- Generated by org.testng.reporters.JUnitReportReporter -->
<testsuite name="com.lohika.gap.tests.ManageRepositoriesTest" tests="6" time="41.493" ignored="1" failures="0" timestamp="05 квіт. 2017 12:47:25 GMT" skipped="0" hostname="vova-pc" errors="0">
  <testcase name="testCreateNewRepository_Failed" time="8.619" classname="com.lohika.gap.tests.ManageRepositoriesTest"/>
  <testcase name="testRenameRepository" time="8.302" classname="com.lohika.gap.tests.ManageRepositoriesTest"/>
  <testcase name="testCreateNewRepository" time="7.756" classname="com.lohika.gap.tests.ManageRepositoriesTest"/>
  <testcase name="testRemoveRepository" time="6.378" classname="com.lohika.gap.tests.ManageRepositoriesTest"/>
  <testcase name="testCreateNewRepository_Failed" time="6.457" classname="com.lohika.gap.tests.ManageRepositoriesTest"/>
  <testcase name="testRenameRepository_NameAlreadyExist" time="3.981" classname="com.lohika.gap.tests.ManageRepositoriesTest"/>
  <testcase name="testOpenGooglePage" classname="com.lohika.gap.tests.ChangeSettingsTest">
    <skipped/>
  </testcase> <!-- testOpenGooglePage -->
</testsuite> <!-- com.lohika.gap.tests.ManageRepositoriesTest -->
