<?xml version="1.0" encoding="UTF-8"?>
<!-- Generated by org.testng.reporters.JUnitReportReporter -->
<testsuite name="com.lohika.gap.tests.ManageRepositoriesTest" tests="6" time="33.750" ignored="0" failures="0" timestamp="09 лют. 2017 16:22:37 GMT" skipped="0" hostname="vova-pc" errors="0">
  <testcase name="testRenameRepository" time="8.593" classname="com.lohika.gap.tests.ManageRepositoriesTest"/>
  <testcase name="testRemoveRepository" time="6.956" classname="com.lohika.gap.tests.ManageRepositoriesTest"/>
  <testcase name="testCreateNamelessRepository" time="4.316" classname="com.lohika.gap.tests.ManageRepositoriesTest"/>
  <testcase name="testCreateNewRepository" time="4.953" classname="com.lohika.gap.tests.ManageRepositoriesTest"/>
  <testcase name="testCreateExistingRepository" time="4.877" classname="com.lohika.gap.tests.ManageRepositoriesTest"/>
  <testcase name="testRenameRepositoryToAlreadyExistingName" time="4.055" classname="com.lohika.gap.tests.ManageRepositoriesTest"/>
</testsuite> <!-- com.lohika.gap.tests.ManageRepositoriesTest -->
