<?xml version="1.0" encoding="UTF-8"?>
<!-- Generated by org.testng.reporters.JUnitReportReporter -->
<testsuite name="com.lohika.gap.tests.ChangeSettingsTest" tests="7" time="34.654" ignored="0" failures="0" timestamp="09 лют. 2017 16:22:37 GMT" skipped="0" hostname="vova-pc" errors="0">
  <testcase name="testAddNewEmail" time="4.161" classname="com.lohika.gap.tests.ChangeSettingsTest"/>
  <testcase name="testAddExistingEmail" time="4.384" classname="com.lohika.gap.tests.ChangeSettingsTest"/>
  <testcase name="testChangePassword_WrongOldPassword" time="4.421" classname="com.lohika.gap.tests.ChangeSettingsTest"/>
  <testcase name="testChangeEmailPreferences" time="5.046" classname="com.lohika.gap.tests.ChangeSettingsTest"/>
  <testcase name="testRemoveEmail" time="5.430" classname="com.lohika.gap.tests.ChangeSettingsTest"/>
  <testcase name="testChangePassword_WrongNewPassword" time="4.341" classname="com.lohika.gap.tests.ChangeSettingsTest"/>
  <testcase name="testChangeUserProfile" time="6.871" classname="com.lohika.gap.tests.ChangeSettingsTest"/>
</testsuite> <!-- com.lohika.gap.tests.ChangeSettingsTest -->
