<?xml version="1.0" encoding="UTF-8"?>
<!-- Generated by org.testng.reporters.JUnitReportReporter -->
<testsuite name="com.lohika.gap.tests.RepositoryDescriptionTest" tests="5" time="16.195" ignored="1" failures="0" timestamp="05 квіт. 2017 12:47:25 GMT" skipped="0" hostname="vova-pc" errors="0">
  <testcase name="testSetNewDescription" time="3.189" classname="com.lohika.gap.tests.RepositoryDescriptionTest"/>
  <testcase name="testSetNewDescription_Canceled" time="2.149" classname="com.lohika.gap.tests.RepositoryDescriptionTest"/>
  <testcase name="testSetNewDescription" time="5.636" classname="com.lohika.gap.tests.RepositoryDescriptionTest"/>
  <testcase name="testSetNewDescription_IncorectWebpage" time="2.082" classname="com.lohika.gap.tests.RepositoryDescriptionTest"/>
  <testcase name="testSetNewDescription" time="3.139" classname="com.lohika.gap.tests.RepositoryDescriptionTest"/>
  <testcase name="testOpenGooglePage" classname="com.lohika.gap.tests.ChangeSettingsTest">
    <skipped/>
  </testcase> <!-- testOpenGooglePage -->
</testsuite> <!-- com.lohika.gap.tests.RepositoryDescriptionTest -->
