<?xml version="1.0" encoding="UTF-8"?>
<!-- Generated by org.testng.reporters.JUnitReportReporter -->
<testsuite name="com.lohika.gap.tests.LoginTest" tests="7" time="13.446" ignored="1" failures="0" timestamp="05 квіт. 2017 12:47:25 GMT" skipped="0" hostname="vova-pc" errors="0">
  <testcase name="testSignin" time="3.960" classname="com.lohika.gap.tests.LoginTest"/>
  <testcase name="testSignout" time="2.796" classname="com.lohika.gap.tests.LoginTest"/>
  <testcase name="testSignin_IncorrectCredentials" time="1.393" classname="com.lohika.gap.tests.LoginTest"/>
  <testcase name="testSignin_IncorrectCredentials" time="1.215" classname="com.lohika.gap.tests.LoginTest"/>
  <testcase name="testSignin_IncorrectCredentials" time="1.230" classname="com.lohika.gap.tests.LoginTest"/>
  <testcase name="testSignin_IncorrectCredentials" time="1.228" classname="com.lohika.gap.tests.LoginTest"/>
  <testcase name="testSignin_IncorrectCredentials" time="1.624" classname="com.lohika.gap.tests.LoginTest"/>
  <testcase name="testOpenGooglePage" classname="com.lohika.gap.tests.ChangeSettingsTest">
    <skipped/>
  </testcase> <!-- testOpenGooglePage -->
</testsuite> <!-- com.lohika.gap.tests.LoginTest -->
