<?xml version="1.0" encoding="UTF-8"?>
<!-- Generated by org.testng.reporters.JUnitReportReporter -->
<testsuite name="com.lohika.gap.tests.LoginTest" tests="3" time="7.406" ignored="0" failures="0" timestamp="09 лют. 2017 16:22:37 GMT" skipped="0" hostname="vova-pc" errors="0">
  <testcase name="testSignout" time="2.472" classname="com.lohika.gap.tests.LoginTest"/>
  <testcase name="testSigninWithIncorrectCredentials" time="2.390" classname="com.lohika.gap.tests.LoginTest"/>
  <testcase name="testSignin" time="2.544" classname="com.lohika.gap.tests.LoginTest"/>
</testsuite> <!-- com.lohika.gap.tests.LoginTest -->
