<?xml version="1.0" encoding="UTF-8"?>
<!-- Generated by org.testng.reporters.JUnitReportReporter -->
<testsuite name="com.lohika.gap.tests.ChangeSettingsTest" tests="7" time="32.943" ignored="0" failures="0" timestamp="23 лют. 2017 13:52:52 GMT" skipped="0" hostname="vova-pc" errors="0">
  <testcase name="testChangeUserProfile" time="6.498" classname="com.lohika.gap.tests.ChangeSettingsTest"/>
  <testcase name="testChangePassword_WrongNewPassword" time="4.393" classname="com.lohika.gap.tests.ChangeSettingsTest"/>
  <testcase name="testAddNewEmail" time="4.397" classname="com.lohika.gap.tests.ChangeSettingsTest"/>
  <testcase name="testRemoveEmail" time="4.426" classname="com.lohika.gap.tests.ChangeSettingsTest"/>
  <testcase name="testChangePassword_WrongOldPassword" time="4.007" classname="com.lohika.gap.tests.ChangeSettingsTest"/>
  <testcase name="testChangeEmailPreferences" time="4.819" classname="com.lohika.gap.tests.ChangeSettingsTest"/>
  <testcase name="testAddNewEmail_AlreadyExist" time="4.403" classname="com.lohika.gap.tests.ChangeSettingsTest"/>
</testsuite> <!-- com.lohika.gap.tests.ChangeSettingsTest -->
