<?xml version="1.0" encoding="UTF-8"?>
<!-- Generated by org.testng.reporters.JUnitReportReporter -->
<testsuite name="com.lohika.gap.tests.RepositoryFilesTest" tests="8" time="57.890" ignored="0" failures="0" timestamp="23 лют. 2017 13:52:52 GMT" skipped="0" hostname="vova-pc" errors="0">
  <testcase name="testEditFile" time="8.087" classname="com.lohika.gap.tests.RepositoryFilesTest"/>
  <testcase name="testUploadFile_Failed" time="3.470" classname="com.lohika.gap.tests.RepositoryFilesTest"/>
  <testcase name="testUploadFile" time="8.570" classname="com.lohika.gap.tests.RepositoryFilesTest"/>
  <testcase name="testRemoveFile" time="6.046" classname="com.lohika.gap.tests.RepositoryFilesTest"/>
  <testcase name="testAddNewFile_AlreadyExists" time="6.843" classname="com.lohika.gap.tests.RepositoryFilesTest"/>
  <testcase name="testAddNewFile" time="6.849" classname="com.lohika.gap.tests.RepositoryFilesTest"/>
  <testcase name="testUploadFileViaAUTOIT" time="8.058" classname="com.lohika.gap.tests.RepositoryFilesTest"/>
  <testcase name="testAddNewFile_Canceled" time="9.967" classname="com.lohika.gap.tests.RepositoryFilesTest"/>
</testsuite> <!-- com.lohika.gap.tests.RepositoryFilesTest -->
