<?xml version="1.0" encoding="UTF-8"?>
<!-- Generated by org.testng.reporters.JUnitReportReporter -->
<testsuite name="com.lohika.gap.tests.ManageRepositoriesTest" tests="6" time="32.953" ignored="0" failures="0" timestamp="23 лют. 2017 13:52:52 GMT" skipped="0" hostname="vova-pc" errors="0">
  <testcase name="testRemoveRepository" time="5.728" classname="com.lohika.gap.tests.ManageRepositoriesTest"/>
  <testcase name="testCreateNewRepository" time="5.292" classname="com.lohika.gap.tests.ManageRepositoriesTest"/>
  <testcase name="testRenameRepository_NameAlreadyExist" time="3.923" classname="com.lohika.gap.tests.ManageRepositoriesTest"/>
  <testcase name="testRenameRepository" time="8.217" classname="com.lohika.gap.tests.ManageRepositoriesTest"/>
  <testcase name="testCreateNewRepository_AlreadyExist" time="5.389" classname="com.lohika.gap.tests.ManageRepositoriesTest"/>
  <testcase name="testCreateNewRepository_NoName" time="4.404" classname="com.lohika.gap.tests.ManageRepositoriesTest"/>
</testsuite> <!-- com.lohika.gap.tests.ManageRepositoriesTest -->
