<?xml version="1.0" encoding="UTF-8"?>
<!-- Generated by org.testng.reporters.JUnitReportReporter -->
<testsuite name="com.lohika.gap.tests.RepositoryDescriptionTest" tests="4" time="12.275" ignored="0" failures="0" timestamp="23 лют. 2017 13:52:52 GMT" skipped="0" hostname="vova-pc" errors="0">
  <testcase name="testRemoveCurrentDescription" time="4.434" classname="com.lohika.gap.tests.RepositoryDescriptionTest"/>
  <testcase name="testSetNewDescription_Canceled" time="2.149" classname="com.lohika.gap.tests.RepositoryDescriptionTest"/>
  <testcase name="testSetNewDescription_IncorectWebpage" time="2.229" classname="com.lohika.gap.tests.RepositoryDescriptionTest"/>
  <testcase name="testSetNewDescription" time="3.463" classname="com.lohika.gap.tests.RepositoryDescriptionTest"/>
</testsuite> <!-- com.lohika.gap.tests.RepositoryDescriptionTest -->
