<?xml version="1.0" encoding="UTF-8"?>
<!-- Generated by org.testng.reporters.JUnitReportReporter -->
<testsuite name="com.lohika.gap.tests.RepositoryFilesTest" tests="8" time="55.933" ignored="0" failures="0" timestamp="09 лют. 2017 16:22:37 GMT" skipped="0" hostname="vova-pc" errors="0">
  <testcase name="testAddNewFile" time="7.877" classname="com.lohika.gap.tests.RepositoryFilesTest"/>
  <testcase name="testUploadFile" time="6.727" classname="com.lohika.gap.tests.RepositoryFilesTest"/>
  <testcase name="testUploadFileViaAUTOIT" time="7.737" classname="com.lohika.gap.tests.RepositoryFilesTest"/>
  <testcase name="testFailedUploadFile" time="3.518" classname="com.lohika.gap.tests.RepositoryFilesTest"/>
  <testcase name="testCancelAddNewFile" time="8.538" classname="com.lohika.gap.tests.RepositoryFilesTest"/>
  <testcase name="testAddNewFile_AlreadyExists" time="4.690" classname="com.lohika.gap.tests.RepositoryFilesTest"/>
  <testcase name="testEditFile" time="9.133" classname="com.lohika.gap.tests.RepositoryFilesTest"/>
  <testcase name="testRemoveFile" time="7.713" classname="com.lohika.gap.tests.RepositoryFilesTest"/>
</testsuite> <!-- com.lohika.gap.tests.RepositoryFilesTest -->
