<?xml version="1.0" encoding="UTF-8"?>
<!-- Generated by org.testng.reporters.JUnitReportReporter -->
<testsuite name="com.lohika.gap.tests.LoginTest" tests="3" time="7.337" ignored="0" failures="0" timestamp="23 лют. 2017 13:52:52 GMT" skipped="0" hostname="vova-pc" errors="0">
  <testcase name="testSignout" time="2.411" classname="com.lohika.gap.tests.LoginTest"/>
  <testcase name="testSignin_IncorrectCredentials" time="2.393" classname="com.lohika.gap.tests.LoginTest"/>
  <testcase name="testSignin" time="2.533" classname="com.lohika.gap.tests.LoginTest"/>
</testsuite> <!-- com.lohika.gap.tests.LoginTest -->
