<?xml version="1.0" encoding="UTF-8"?>
<!-- Generated by org.testng.reporters.JUnitReportReporter -->
<testsuite name="com.lohika.gap.tests.RepositoryFilesTest" tests="8" time="72.952" ignored="1" failures="0" timestamp="05 квіт. 2017 12:47:25 GMT" skipped="0" hostname="vova-pc" errors="0">
  <testcase name="testUploadFile" time="11.827" classname="com.lohika.gap.tests.RepositoryFilesTest"/>
  <testcase name="testUploadFileViaAUTOIT" time="11.266" classname="com.lohika.gap.tests.RepositoryFilesTest"/>
  <testcase name="testEditFile" time="11.281" classname="com.lohika.gap.tests.RepositoryFilesTest"/>
  <testcase name="testAddNewFile" time="9.574" classname="com.lohika.gap.tests.RepositoryFilesTest"/>
  <testcase name="testAddNewFile_Canceled" time="11.945" classname="com.lohika.gap.tests.RepositoryFilesTest"/>
  <testcase name="testAddNewFile_AlreadyExists" time="6.123" classname="com.lohika.gap.tests.RepositoryFilesTest"/>
  <testcase name="testUploadFile_Failed" time="3.388" classname="com.lohika.gap.tests.RepositoryFilesTest"/>
  <testcase name="testRemoveFile" time="7.548" classname="com.lohika.gap.tests.RepositoryFilesTest"/>
  <testcase name="testOpenGooglePage" classname="com.lohika.gap.tests.ChangeSettingsTest">
    <skipped/>
  </testcase> <!-- testOpenGooglePage -->
</testsuite> <!-- com.lohika.gap.tests.RepositoryFilesTest -->
